<?xml version="1.0" encoding="UTF-8"?>
<!-- Generated by org.testng.reporters.JUnitXMLReporter -->
<testsuite hostname="shubhanshus-MacBook-Pro.local" ignored="0" name="OpenMRSTest" tests="7" failures="0" timestamp="2022-09-11T12:28:59 IST" time="294.124" errors="0">
  <testcase name="loginTest" time="5.056" classname="com.openmrs.tests.LoginTest"/>
  <testcase name="registerPatientTest" time="42.288" classname="com.openmrs.tests.RegisterPatientTest"/>
  <testcase name="findPatientTest" time="29.299" classname="com.openmrs.tests.FindPatientTest"/>
  <testcase name="verifyPatientDetailsTest" time="24.48" classname="com.openmrs.tests.VerifyPatientDetailsTest"/>
  <testcase name="requestAppointmentTest" time="64.18" classname="com.openmrs.tests.RequestAppointmentTest"/>
  <testcase name="uploadFileTest" time="42.718" classname="com.openmrs.tests.UploadAttachmentTest"/>
  <testcase name="uploadFileTest" time="30.761" classname="com.openmrs.tests.DeletePatientTest"/>
</testsuite> <!-- OpenMRSTest -->
