<?xml version="1.0" encoding="UTF-8"?>
<testng-results skipped="0" failed="0" ignored="0" total="7" passed="7">
  <reporter-output>
  </reporter-output>
  <suite name="EndToEndFlowSuite" duration-ms="294124" started-at="2022-09-11T12:24:05 IST" finished-at="2022-09-11T12:28:59 IST">
    <groups>
    </groups>
    <test name="OpenMRSTest" duration-ms="294124" started-at="2022-09-11T12:24:05 IST" finished-at="2022-09-11T12:28:59 IST">
      <class name="com.openmrs.tests.VerifyPatientDetailsTest">
        <test-method status="PASS" signature="Setup(java.lang.String,java.lang.String)[pri:0, instance:com.openmrs.tests.VerifyPatientDetailsTest@548ad73b]" name="Setup" is-config="true" duration-ms="5775" started-at="2022-09-11T12:25:46 IST" finished-at="2022-09-11T12:25:52 IST">
          <params>
            <param index="0">
              <value>
                <![CDATA[Chrome]]>
              </value>
            </param>
            <param index="1">
              <value>
                <![CDATA[https://demo.openmrs.org/openmrs/]]>
              </value>
            </param>
          </params>
          <reporter-output>
          </reporter-output>
        </test-method> <!-- Setup -->
        <test-method status="PASS" signature="verifyPatientDetailsTest()[pri:0, instance:com.openmrs.tests.VerifyPatientDetailsTest@548ad73b]" name="verifyPatientDetailsTest" duration-ms="24480" started-at="2022-09-11T12:25:52 IST" finished-at="2022-09-11T12:26:17 IST">
          <reporter-output>
          </reporter-output>
        </test-method> <!-- verifyPatientDetailsTest -->
        <test-method status="PASS" signature="tearDown()[pri:0, instance:com.openmrs.tests.VerifyPatientDetailsTest@548ad73b]" name="tearDown" is-config="true" duration-ms="107" started-at="2022-09-11T12:26:17 IST" finished-at="2022-09-11T12:26:17 IST">
          <reporter-output>
          </reporter-output>
        </test-method> <!-- tearDown -->
      </class> <!-- com.openmrs.tests.VerifyPatientDetailsTest -->
      <class name="com.openmrs.tests.RegisterPatientTest">
        <test-method status="PASS" signature="Setup(java.lang.String,java.lang.String)[pri:0, instance:com.openmrs.tests.RegisterPatientTest@4cf4d528]" name="Setup" is-config="true" duration-ms="8819" started-at="2022-09-11T12:24:19 IST" finished-at="2022-09-11T12:24:28 IST">
          <params>
            <param index="0">
              <value>
                <![CDATA[Chrome]]>
              </value>
            </param>
            <param index="1">
              <value>
                <![CDATA[https://demo.openmrs.org/openmrs/]]>
              </value>
            </param>
          </params>
          <reporter-output>
          </reporter-output>
        </test-method> <!-- Setup -->
        <test-method status="PASS" signature="registerPatientTest()[pri:0, instance:com.openmrs.tests.RegisterPatientTest@4cf4d528]" name="registerPatientTest" duration-ms="42288" started-at="2022-09-11T12:24:28 IST" finished-at="2022-09-11T12:25:10 IST">
          <reporter-output>
          </reporter-output>
        </test-method> <!-- registerPatientTest -->
        <test-method status="PASS" signature="tearDown()[pri:0, instance:com.openmrs.tests.RegisterPatientTest@4cf4d528]" name="tearDown" is-config="true" duration-ms="115" started-at="2022-09-11T12:25:10 IST" finished-at="2022-09-11T12:25:10 IST">
          <reporter-output>
          </reporter-output>
        </test-method> <!-- tearDown -->
      </class> <!-- com.openmrs.tests.RegisterPatientTest -->
      <class name="com.openmrs.tests.DeletePatientTest">
        <test-method status="PASS" signature="Setup(java.lang.String,java.lang.String)[pri:0, instance:com.openmrs.tests.DeletePatientTest@727803de]" name="Setup" is-config="true" duration-ms="6829" started-at="2022-09-11T12:28:21 IST" finished-at="2022-09-11T12:28:28 IST">
          <params>
            <param index="0">
              <value>
                <![CDATA[Chrome]]>
              </value>
            </param>
            <param index="1">
              <value>
                <![CDATA[https://demo.openmrs.org/openmrs/]]>
              </value>
            </param>
          </params>
          <reporter-output>
          </reporter-output>
        </test-method> <!-- Setup -->
        <test-method status="PASS" signature="uploadFileTest()[pri:0, instance:com.openmrs.tests.DeletePatientTest@727803de]" name="uploadFileTest" duration-ms="30761" started-at="2022-09-11T12:28:28 IST" finished-at="2022-09-11T12:28:59 IST">
          <reporter-output>
          </reporter-output>
        </test-method> <!-- uploadFileTest -->
        <test-method status="PASS" signature="tearDown()[pri:0, instance:com.openmrs.tests.DeletePatientTest@727803de]" name="tearDown" is-config="true" duration-ms="114" started-at="2022-09-11T12:28:59 IST" finished-at="2022-09-11T12:28:59 IST">
          <reporter-output>
          </reporter-output>
        </test-method> <!-- tearDown -->
      </class> <!-- com.openmrs.tests.DeletePatientTest -->
      <class name="com.openmrs.tests.FindPatientTest">
        <test-method status="PASS" signature="Setup(java.lang.String,java.lang.String)[pri:0, instance:com.openmrs.tests.FindPatientTest@77846d2c]" name="Setup" is-config="true" duration-ms="7017" started-at="2022-09-11T12:25:10 IST" finished-at="2022-09-11T12:25:17 IST">
          <params>
            <param index="0">
              <value>
                <![CDATA[Chrome]]>
              </value>
            </param>
            <param index="1">
              <value>
                <![CDATA[https://demo.openmrs.org/openmrs/]]>
              </value>
            </param>
          </params>
          <reporter-output>
          </reporter-output>
        </test-method> <!-- Setup -->
        <test-method status="PASS" signature="findPatientTest()[pri:0, instance:com.openmrs.tests.FindPatientTest@77846d2c]" name="findPatientTest" duration-ms="29299" started-at="2022-09-11T12:25:17 IST" finished-at="2022-09-11T12:25:46 IST">
          <reporter-output>
          </reporter-output>
        </test-method> <!-- findPatientTest -->
        <test-method status="PASS" signature="tearDown()[pri:0, instance:com.openmrs.tests.FindPatientTest@77846d2c]" name="tearDown" is-config="true" duration-ms="104" started-at="2022-09-11T12:25:46 IST" finished-at="2022-09-11T12:25:46 IST">
          <reporter-output>
          </reporter-output>
        </test-method> <!-- tearDown -->
      </class> <!-- com.openmrs.tests.FindPatientTest -->
      <class name="com.openmrs.tests.UploadAttachmentTest">
        <test-method status="PASS" signature="Setup(java.lang.String,java.lang.String)[pri:0, instance:com.openmrs.tests.UploadAttachmentTest@2641e737]" name="Setup" is-config="true" duration-ms="8937" started-at="2022-09-11T12:27:29 IST" finished-at="2022-09-11T12:27:38 IST">
          <params>
            <param index="0">
              <value>
                <![CDATA[Chrome]]>
              </value>
            </param>
            <param index="1">
              <value>
                <![CDATA[https://demo.openmrs.org/openmrs/]]>
              </value>
            </param>
          </params>
          <reporter-output>
          </reporter-output>
        </test-method> <!-- Setup -->
        <test-method status="PASS" signature="uploadFileTest()[pri:0, instance:com.openmrs.tests.UploadAttachmentTest@2641e737]" name="uploadFileTest" duration-ms="42718" started-at="2022-09-11T12:27:38 IST" finished-at="2022-09-11T12:28:21 IST">
          <reporter-output>
          </reporter-output>
        </test-method> <!-- uploadFileTest -->
        <test-method status="PASS" signature="tearDown()[pri:0, instance:com.openmrs.tests.UploadAttachmentTest@2641e737]" name="tearDown" is-config="true" duration-ms="109" started-at="2022-09-11T12:28:21 IST" finished-at="2022-09-11T12:28:21 IST">
          <reporter-output>
          </reporter-output>
        </test-method> <!-- tearDown -->
      </class> <!-- com.openmrs.tests.UploadAttachmentTest -->
      <class name="com.openmrs.tests.RequestAppointmentTest">
        <test-method status="PASS" signature="Setup(java.lang.String,java.lang.String)[pri:0, instance:com.openmrs.tests.RequestAppointmentTest@4c762604]" name="Setup" is-config="true" duration-ms="8212" started-at="2022-09-11T12:26:17 IST" finished-at="2022-09-11T12:26:25 IST">
          <params>
            <param index="0">
              <value>
                <![CDATA[Chrome]]>
              </value>
            </param>
            <param index="1">
              <value>
                <![CDATA[https://demo.openmrs.org/openmrs/]]>
              </value>
            </param>
          </params>
          <reporter-output>
          </reporter-output>
        </test-method> <!-- Setup -->
        <test-method status="PASS" signature="requestAppointmentTest()[pri:0, instance:com.openmrs.tests.RequestAppointmentTest@4c762604]" name="requestAppointmentTest" duration-ms="64180" started-at="2022-09-11T12:26:25 IST" finished-at="2022-09-11T12:27:29 IST">
          <reporter-output>
          </reporter-output>
        </test-method> <!-- requestAppointmentTest -->
        <test-method status="PASS" signature="tearDown()[pri:0, instance:com.openmrs.tests.RequestAppointmentTest@4c762604]" name="tearDown" is-config="true" duration-ms="155" started-at="2022-09-11T12:27:29 IST" finished-at="2022-09-11T12:27:29 IST">
          <reporter-output>
          </reporter-output>
        </test-method> <!-- tearDown -->
      </class> <!-- com.openmrs.tests.RequestAppointmentTest -->
      <class name="com.openmrs.tests.LoginTest">
        <test-method status="PASS" signature="Setup(java.lang.String,java.lang.String)[pri:0, instance:com.openmrs.tests.LoginTest@954b04f]" name="Setup" is-config="true" duration-ms="8878" started-at="2022-09-11T12:24:05 IST" finished-at="2022-09-11T12:24:14 IST">
          <params>
            <param index="0">
              <value>
                <![CDATA[Chrome]]>
              </value>
            </param>
            <param index="1">
              <value>
                <![CDATA[https://demo.openmrs.org/openmrs/]]>
              </value>
            </param>
          </params>
          <reporter-output>
          </reporter-output>
        </test-method> <!-- Setup -->
        <test-method status="PASS" signature="loginTest()[pri:0, instance:com.openmrs.tests.LoginTest@954b04f]" name="loginTest" duration-ms="5056" started-at="2022-09-11T12:24:14 IST" finished-at="2022-09-11T12:24:19 IST">
          <reporter-output>
          </reporter-output>
        </test-method> <!-- loginTest -->
        <test-method status="PASS" signature="tearDown()[pri:0, instance:com.openmrs.tests.LoginTest@954b04f]" name="tearDown" is-config="true" duration-ms="132" started-at="2022-09-11T12:24:19 IST" finished-at="2022-09-11T12:24:19 IST">
          <reporter-output>
          </reporter-output>
        </test-method> <!-- tearDown -->
      </class> <!-- com.openmrs.tests.LoginTest -->
    </test> <!-- OpenMRSTest -->
  </suite> <!-- EndToEndFlowSuite -->
</testng-results>
